   ▲ Next.js 15.3.2
   - Local:        http://localhost:5173
   - Network:      http://26.255.194.12:5173

 ✓ Starting...
 ✓ Ready in 10s
Terminate batch job (Y/N)?    ▲ Next.js 15.3.2
   - Local:        http://localhost:5173
   - Network:      http://26.255.194.12:5173

 ✓ Starting...
 ✓ Ready in 1138ms
Terminate batch job (Y/N)?    ▲ Next.js 15.3.2
   - Local:        http://localhost:5173
   - Network:      http://26.255.194.12:5173

 ✓ Starting...
 ✓ Ready in 9.6s
Terminate batch job (Y/N)?    ▲ Next.js 15.3.2
   - Local:        http://localhost:5173
   - Network:      http://26.255.194.12:5173

 ✓ Starting...
 ✓ Ready in 10s
Terminate batch job (Y/N)?    ▲ Next.js 15.3.2
   - Local:        http://localhost:5173
   - Network:      http://26.255.194.12:5173

 ✓ Starting...
 ✓ Ready in 544ms
Terminate batch job (Y/N)?    ▲ Next.js 15.3.2
   - Local:        http://localhost:5173
   - Network:      http://0.0.0.0:5173

 ✓ Starting...
 ✓ Ready in 8.6s
Terminate batch job (Y/N)?    ▲ Next.js 15.3.2
   - Local:        http://localhost:5173
   - Network:      http://0.0.0.0:5173

 ✓ Starting...
 ✓ Ready in 674ms
